<?xml version="1.0" encoding="UTF-8"?>
<!-- Generated by org.testng.reporters.JUnitReportReporter -->
<testsuite hostname="DESKTOP-M021GP2" failures="0" tests="2" name="lesson23.TestA" time="0.012" errors="0" timestamp="2022-12-15T20:48:11 EST" skipped="0">
  <testcase classname="lesson23.TestA" name="testA1" time="0.010"/>
  <system-out/>
  <testcase classname="lesson23.TestA" name="testA2" time="0.002"/>
  <system-out/>
</testsuite> <!-- lesson23.TestA -->
