<?xml version="1.0" encoding="UTF-8"?>
<!-- Generated by org.testng.reporters.JUnitReportReporter -->
<testsuite hostname="DESKTOP-M021GP2" failures="0" tests="1" name="lesson22.ExplicitWait" time="13.921" errors="0" timestamp="2022-12-15T20:28:47 EST" skipped="0">
  <testcase classname="lesson22.ExplicitWait" name="elementSelected" time="13.921"/>
  <system-out/>
</testsuite> <!-- lesson22.ExplicitWait -->
